mode: atomic
github.com/goal-web/supports/fields.go:16.53,18.2 1 0
github.com/goal-web/supports/fields.go:20.61,21.44 1 0
github.com/goal-web/supports/fields.go:21.44,23.3 1 0
github.com/goal-web/supports/fields.go:24.2,24.14 1 0
github.com/goal-web/supports/fields.go:27.77,28.42 1 0
github.com/goal-web/supports/fields.go:28.42,30.3 1 0
github.com/goal-web/supports/fields.go:31.2,31.21 1 0
github.com/goal-web/supports/fields.go:34.77,35.42 1 0
github.com/goal-web/supports/fields.go:35.42,37.3 1 0
github.com/goal-web/supports/fields.go:38.2,38.21 1 0
github.com/goal-web/supports/fields.go:41.74,42.42 1 0
github.com/goal-web/supports/fields.go:42.42,44.3 1 0
github.com/goal-web/supports/fields.go:45.2,45.21 1 0
github.com/goal-web/supports/fields.go:48.80,49.42 1 0
github.com/goal-web/supports/fields.go:49.42,51.3 1 0
github.com/goal-web/supports/fields.go:52.2,52.21 1 0
github.com/goal-web/supports/fields.go:55.80,56.42 1 0
github.com/goal-web/supports/fields.go:56.42,58.3 1 0
github.com/goal-web/supports/fields.go:59.2,59.21 1 0
github.com/goal-web/supports/fields.go:62.80,63.42 1 0
github.com/goal-web/supports/fields.go:63.42,65.3 1 0
github.com/goal-web/supports/fields.go:66.2,66.21 1 0
github.com/goal-web/supports/fields.go:69.77,70.42 1 0
github.com/goal-web/supports/fields.go:70.42,72.3 1 0
github.com/goal-web/supports/fields.go:73.2,73.21 1 0
github.com/goal-web/supports/fields.go:76.74,77.42 1 0
github.com/goal-web/supports/fields.go:77.42,79.3 1 0
github.com/goal-web/supports/fields.go:80.2,80.21 1 0
github.com/goal-web/supports/fields.go:83.45,84.32 1 0
github.com/goal-web/supports/fields.go:84.32,85.59 1 0
github.com/goal-web/supports/fields.go:85.59,87.4 1 0
github.com/goal-web/supports/fields.go:89.2,89.29 1 0
github.com/goal-web/supports/fields.go:92.63,95.27 2 0
github.com/goal-web/supports/fields.go:95.27,96.43 1 0
github.com/goal-web/supports/fields.go:96.43,98.4 1 0
github.com/goal-web/supports/fields.go:101.2,101.15 1 0
github.com/goal-web/supports/fields.go:104.71,110.42 2 0
github.com/goal-web/supports/fields.go:110.42,111.41 1 0
github.com/goal-web/supports/fields.go:111.41,113.4 1 0
github.com/goal-web/supports/fields.go:116.2,116.16 1 0
github.com/goal-web/supports/fields.go:119.69,122.27 2 0
github.com/goal-web/supports/fields.go:122.27,123.43 1 0
github.com/goal-web/supports/fields.go:123.43,125.4 1 0
github.com/goal-web/supports/fields.go:128.2,128.15 1 0
github.com/goal-web/supports/fields.go:131.80,132.42 1 0
github.com/goal-web/supports/fields.go:132.42,134.3 1 0
github.com/goal-web/supports/fields.go:135.2,135.21 1 0
github.com/goal-web/supports/fields.go:138.77,139.42 1 0
github.com/goal-web/supports/fields.go:139.42,141.3 1 0
github.com/goal-web/supports/fields.go:142.2,142.21 1 0
github.com/goal-web/supports/fields.go:145.71,146.42 1 0
github.com/goal-web/supports/fields.go:146.42,148.3 1 0
github.com/goal-web/supports/fields.go:149.2,149.21 1 0
github.com/goal-web/supports/fields.go:152.83,153.42 1 0
github.com/goal-web/supports/fields.go:153.42,155.3 1 0
github.com/goal-web/supports/fields.go:156.2,156.21 1 0
github.com/goal-web/supports/fields.go:159.81,160.42 1 0
github.com/goal-web/supports/fields.go:160.42,162.3 1 0
github.com/goal-web/supports/fields.go:163.2,163.21 1 0
github.com/goal-web/supports/fields.go:166.74,167.42 1 0
github.com/goal-web/supports/fields.go:167.42,169.3 1 0
github.com/goal-web/supports/fields.go:170.2,170.21 1 0
github.com/goal-web/supports/fields.go:173.54,175.2 1 0
github.com/goal-web/supports/fields.go:177.52,179.2 1 0
github.com/goal-web/supports/fields.go:181.48,183.2 1 0
github.com/goal-web/supports/fields.go:185.56,187.2 1 0
github.com/goal-web/supports/fields.go:189.54,191.2 1 0
github.com/goal-web/supports/fields.go:193.50,195.2 1 0
github.com/goal-web/supports/fields.go:197.45,199.2 1 0
github.com/goal-web/supports/fields.go:201.52,203.2 1 0
github.com/goal-web/supports/fields.go:205.52,207.2 1 0
github.com/goal-web/supports/fields.go:209.50,211.2 1 0
github.com/goal-web/supports/fields.go:213.54,215.2 1 0
github.com/goal-web/supports/fields.go:217.54,219.2 1 0
github.com/goal-web/supports/fields.go:221.54,223.2 1 0
github.com/goal-web/supports/fields.go:225.52,227.2 1 0
github.com/goal-web/supports/fields.go:229.50,231.2 1 0
github.com/goal-web/supports/commands/base.go:17.51,26.2 2 0
github.com/goal-web/supports/commands/base.go:28.113,32.31 4 0
github.com/goal-web/supports/commands/base.go:32.31,33.24 1 0
github.com/goal-web/supports/commands/base.go:34.37,36.22 2 0
github.com/goal-web/supports/commands/base.go:36.22,37.34 1 0
github.com/goal-web/supports/commands/base.go:37.34,39.6 1 0
github.com/goal-web/supports/commands/base.go:39.11,41.6 1 0
github.com/goal-web/supports/commands/base.go:42.10,44.5 1 0
github.com/goal-web/supports/commands/base.go:45.4,45.14 1 0
github.com/goal-web/supports/commands/base.go:46.37,48.22 2 0
github.com/goal-web/supports/commands/base.go:48.22,50.5 1 0
github.com/goal-web/supports/commands/base.go:50.10,52.5 1 0
github.com/goal-web/supports/commands/base.go:53.4,53.14 1 0
github.com/goal-web/supports/commands/base.go:54.32,55.67 1 0
github.com/goal-web/supports/commands/base.go:55.67,57.5 1 0
github.com/goal-web/supports/commands/base.go:61.2,62.12 2 0
github.com/goal-web/supports/commands/base.go:65.43,67.2 1 0
github.com/goal-web/supports/commands/base.go:68.45,70.2 1 0
github.com/goal-web/supports/commands/base.go:71.38,73.2 1 0
github.com/goal-web/supports/commands/base.go:74.38,76.2 1 0
github.com/goal-web/supports/commands/base.go:77.54,79.2 1 0
github.com/goal-web/supports/commands/signature.go:18.31,20.2 1 0
github.com/goal-web/supports/commands/signature.go:22.49,24.2 1 0
github.com/goal-web/supports/commands/signature.go:26.31,28.2 1 0
github.com/goal-web/supports/commands/signature.go:30.38,32.2 1 0
github.com/goal-web/supports/commands/signature.go:36.32,37.19 1 0
github.com/goal-web/supports/commands/signature.go:37.19,39.3 1 0
github.com/goal-web/supports/commands/signature.go:40.2,40.29 1 0
github.com/goal-web/supports/commands/signature.go:43.82,44.55 1 0
github.com/goal-web/supports/commands/signature.go:44.55,51.3 1 0
github.com/goal-web/supports/commands/signature.go:51.8,58.3 1 0
github.com/goal-web/supports/commands/signature.go:61.72,66.55 4 0
github.com/goal-web/supports/commands/signature.go:66.55,68.57 2 0
github.com/goal-web/supports/commands/signature.go:68.57,69.42 1 0
github.com/goal-web/supports/commands/signature.go:69.42,71.5 1 0
github.com/goal-web/supports/commands/signature.go:71.10,73.5 1 0
github.com/goal-web/supports/commands/signature.go:74.9,74.41 1 0
github.com/goal-web/supports/commands/signature.go:74.41,77.4 2 0
github.com/goal-web/supports/commands/signature.go:77.9,77.42 1 0
github.com/goal-web/supports/commands/signature.go:77.42,80.4 2 0
github.com/goal-web/supports/commands/signature.go:80.9,82.4 1 0
github.com/goal-web/supports/commands/signature.go:84.2,84.18 1 0
github.com/goal-web/supports/exceptions/exception.go:9.47,10.16 1 0
github.com/goal-web/supports/exceptions/exception.go:10.16,12.3 1 0
github.com/goal-web/supports/exceptions/exception.go:13.2,13.62 1 0
github.com/goal-web/supports/exceptions/exception.go:13.62,15.3 1 0
github.com/goal-web/supports/exceptions/exception.go:16.2,16.25 1 0
github.com/goal-web/supports/exceptions/exception.go:19.47,20.16 1 0
github.com/goal-web/supports/exceptions/exception.go:20.16,22.3 1 0
github.com/goal-web/supports/exceptions/exception.go:23.2,23.25 1 0
github.com/goal-web/supports/exceptions/exception.go:24.27,25.11 1 0
github.com/goal-web/supports/exceptions/exception.go:26.14,27.16 1 0
github.com/goal-web/supports/exceptions/exception.go:28.20,29.25 1 0
github.com/goal-web/supports/exceptions/exception.go:31.2,31.36 1 0
github.com/goal-web/supports/exceptions/exception.go:34.80,35.16 1 0
github.com/goal-web/supports/exceptions/exception.go:35.16,37.3 1 0
github.com/goal-web/supports/exceptions/exception.go:38.2,38.34 1 0
github.com/goal-web/supports/exceptions/exception.go:41.42,43.2 1 0
github.com/goal-web/supports/exceptions/exception.go:45.21,46.16 1 0
github.com/goal-web/supports/exceptions/exception.go:46.16,47.28 1 0
github.com/goal-web/supports/exceptions/exception.go:56.36,58.23 2 0
github.com/goal-web/supports/exceptions/exception.go:58.23,60.3 1 0
github.com/goal-web/supports/exceptions/exception.go:61.2,61.12 1 0
github.com/goal-web/supports/exceptions/exception.go:64.55,66.2 1 0
github.com/goal-web/supports/exceptions/hanlder.go:15.92,17.2 1 0
github.com/goal-web/supports/exceptions/hanlder.go:19.91,25.2 2 0
github.com/goal-web/supports/exceptions/hanlder.go:27.79,28.2 0 0
github.com/goal-web/supports/exceptions/hanlder.go:30.89,32.2 1 0
github.com/goal-web/supports/exceptions/service_provider.go:11.87,13.2 1 0
github.com/goal-web/supports/exceptions/service_provider.go:15.47,17.2 1 0
github.com/goal-web/supports/exceptions/service_provider.go:19.41,20.2 0 0
github.com/goal-web/supports/exceptions/service_provider.go:22.75,24.77 1 0
github.com/goal-web/supports/exceptions/service_provider.go:24.77,26.3 1 0
github.com/goal-web/supports/exceptions/utils.go:10.47,11.14 1 0
github.com/goal-web/supports/exceptions/utils.go:11.14,13.3 1 0
github.com/goal-web/supports/exceptions/utils.go:15.2,15.23 1 0
github.com/goal-web/supports/exceptions/utils.go:16.27,17.11 1 0
github.com/goal-web/supports/exceptions/utils.go:18.14,19.34 1 0
github.com/goal-web/supports/exceptions/utils.go:20.13,21.22 1 0
github.com/goal-web/supports/exceptions/utils.go:22.24,23.24 1 0
github.com/goal-web/supports/exceptions/utils.go:23.24,25.4 1 0
github.com/goal-web/supports/exceptions/utils.go:26.3,26.22 1 0
github.com/goal-web/supports/exceptions/utils.go:26.22,28.4 1 0
github.com/goal-web/supports/exceptions/utils.go:29.3,29.26 1 0
github.com/goal-web/supports/exceptions/utils.go:29.26,31.4 1 0
github.com/goal-web/supports/exceptions/utils.go:32.3,32.22 1 0
github.com/goal-web/supports/exceptions/utils.go:32.22,34.4 1 0
github.com/goal-web/supports/exceptions/utils.go:35.3,35.51 1 0
github.com/goal-web/supports/exceptions/utils.go:36.10,37.33 1 0
github.com/goal-web/supports/class/class.go:23.78,26.14 3 0
github.com/goal-web/supports/class/class.go:27.65,28.25 1 0
github.com/goal-web/supports/class/class.go:29.19,30.26 1 0
github.com/goal-web/supports/class/class.go:31.66,32.26 1 0
github.com/goal-web/supports/class/class.go:35.2,36.21 2 0
github.com/goal-web/supports/class/class.go:36.21,38.28 2 0
github.com/goal-web/supports/class/class.go:39.15,40.18 1 0
github.com/goal-web/supports/class/class.go:41.15,42.26 1 0
github.com/goal-web/supports/class/class.go:43.21,44.35 1 0
github.com/goal-web/supports/class/class.go:45.11,46.35 1 0
github.com/goal-web/supports/class/class.go:49.3,49.26 1 0
github.com/goal-web/supports/class/class.go:49.26,50.13 1 0
github.com/goal-web/supports/class/class.go:50.13,53.19 3 0
github.com/goal-web/supports/class/class.go:53.19,55.6 1 0
github.com/goal-web/supports/class/class.go:56.10,59.19 3 0
github.com/goal-web/supports/class/class.go:59.19,61.6 1 0
github.com/goal-web/supports/class/class.go:65.2,65.19 1 0
github.com/goal-web/supports/class/class.go:68.70,70.19 2 0
github.com/goal-web/supports/class/class.go:70.19,72.3 1 0
github.com/goal-web/supports/class/class.go:73.2,74.18 2 0
github.com/goal-web/supports/class/class.go:74.18,76.3 1 0
github.com/goal-web/supports/class/class.go:78.2,78.17 1 0
github.com/goal-web/supports/class/class.go:78.17,81.32 3 0
github.com/goal-web/supports/class/class.go:81.32,83.11 2 0
github.com/goal-web/supports/class/class.go:83.11,85.12 2 0
github.com/goal-web/supports/class/class.go:85.12,87.6 1 0
github.com/goal-web/supports/class/class.go:89.4,89.48 1 0
github.com/goal-web/supports/class/class.go:89.48,91.25 2 0
github.com/goal-web/supports/class/class.go:91.25,92.15 1 0
github.com/goal-web/supports/class/class.go:92.15,94.7 1 0
github.com/goal-web/supports/class/class.go:94.12,96.7 1 0
github.com/goal-web/supports/class/class.go:97.6,97.14 1 0
github.com/goal-web/supports/class/class.go:98.11,100.6 1 0
github.com/goal-web/supports/class/class.go:105.2,105.31 1 0
github.com/goal-web/supports/class/class.go:109.48,111.19 2 0
github.com/goal-web/supports/class/class.go:111.19,113.3 1 0
github.com/goal-web/supports/class/class.go:114.2,115.20 2 0
github.com/goal-web/supports/class/class.go:115.20,117.3 1 0
github.com/goal-web/supports/class/class.go:118.2,119.12 2 0
github.com/goal-web/supports/class/class.go:119.12,121.3 1 0
github.com/goal-web/supports/class/class.go:122.2,123.38 2 0
github.com/goal-web/supports/class/class.go:123.38,124.67 1 0
github.com/goal-web/supports/class/class.go:126.2,127.14 2 0
github.com/goal-web/supports/class/class.go:131.40,133.35 2 0
github.com/goal-web/supports/class/class.go:133.35,135.3 1 0
github.com/goal-web/supports/class/class.go:136.2,137.38 2 0
github.com/goal-web/supports/class/class.go:137.38,138.67 1 0
github.com/goal-web/supports/class/class.go:140.2,141.14 2 0
github.com/goal-web/supports/class/class.go:144.53,146.2 1 0
github.com/goal-web/supports/class/class.go:148.77,151.13 2 0
github.com/goal-web/supports/class/class.go:151.13,153.46 2 0
github.com/goal-web/supports/class/class.go:153.46,156.44 3 0
github.com/goal-web/supports/class/class.go:156.44,158.5 1 0
github.com/goal-web/supports/class/class.go:158.10,160.5 1 0
github.com/goal-web/supports/class/class.go:163.3,164.16 2 0
github.com/goal-web/supports/class/class.go:167.2,167.46 1 0
github.com/goal-web/supports/class/class.go:170.37,172.45 2 0
github.com/goal-web/supports/class/class.go:172.45,175.3 2 0
github.com/goal-web/supports/class/class.go:176.2,176.23 1 0
github.com/goal-web/supports/class/class.go:179.43,181.2 1 0
github.com/goal-web/supports/class/class.go:183.47,185.2 1 0
github.com/goal-web/supports/class/class.go:187.54,188.46 1 0
github.com/goal-web/supports/class/class.go:188.46,190.3 1 0
github.com/goal-web/supports/class/class.go:192.2,192.59 1 0
github.com/goal-web/supports/class/class.go:195.64,196.35 1 0
github.com/goal-web/supports/class/class.go:197.18,198.43 1 0
github.com/goal-web/supports/class/class.go:199.17,200.43 1 0
github.com/goal-web/supports/class/class.go:203.2,203.41 1 0
github.com/goal-web/supports/class/interface.go:14.44,16.2 1 0
github.com/goal-web/supports/class/interface.go:19.42,21.35 2 0
github.com/goal-web/supports/class/interface.go:21.35,23.3 1 0
github.com/goal-web/supports/class/interface.go:24.2,25.41 2 0
github.com/goal-web/supports/class/interface.go:25.41,26.70 1 0
github.com/goal-web/supports/class/interface.go:28.2,28.14 1 0
github.com/goal-web/supports/class/interface.go:31.40,33.2 1 0
github.com/goal-web/supports/class/interface.go:35.48,36.43 1 0
github.com/goal-web/supports/class/interface.go:36.43,38.3 1 0
github.com/goal-web/supports/class/interface.go:40.2,40.52 1 0
github.com/goal-web/supports/class/interface.go:43.57,44.31 1 0
github.com/goal-web/supports/class/interface.go:45.18,46.39 1 0
github.com/goal-web/supports/class/interface.go:49.2,49.33 1 0
github.com/goal-web/supports/utils/argument.go:8.59,9.21 1 0
github.com/goal-web/supports/utils/argument.go:9.21,11.3 1 0
github.com/goal-web/supports/utils/argument.go:12.2,12.27 1 0
github.com/goal-web/supports/utils/argument.go:12.27,14.3 1 0
github.com/goal-web/supports/utils/argument.go:15.2,16.10 2 0
github.com/goal-web/supports/utils/argument.go:19.68,20.21 1 0
github.com/goal-web/supports/utils/argument.go:20.21,22.3 1 0
github.com/goal-web/supports/utils/argument.go:23.2,23.27 1 0
github.com/goal-web/supports/utils/argument.go:23.27,25.3 1 0
github.com/goal-web/supports/utils/argument.go:27.2,27.11 1 0
github.com/goal-web/supports/utils/argument.go:30.56,31.21 1 0
github.com/goal-web/supports/utils/argument.go:31.21,33.3 1 0
github.com/goal-web/supports/utils/argument.go:34.2,34.27 1 0
github.com/goal-web/supports/utils/argument.go:34.27,36.3 1 0
github.com/goal-web/supports/utils/argument.go:38.2,38.10 1 0
github.com/goal-web/supports/utils/argument.go:41.91,42.21 1 0
github.com/goal-web/supports/utils/argument.go:42.21,44.3 1 0
github.com/goal-web/supports/utils/argument.go:45.2,45.27 1 0
github.com/goal-web/supports/utils/argument.go:45.27,47.3 1 0
github.com/goal-web/supports/utils/argument.go:49.2,49.10 1 0
github.com/goal-web/supports/utils/argument.go:52.75,53.21 1 0
github.com/goal-web/supports/utils/argument.go:53.21,55.3 1 0
github.com/goal-web/supports/utils/argument.go:56.2,56.27 1 0
github.com/goal-web/supports/utils/argument.go:56.27,58.3 1 0
github.com/goal-web/supports/utils/argument.go:60.2,60.20 1 0
github.com/goal-web/supports/utils/argument.go:63.64,64.21 1 0
github.com/goal-web/supports/utils/argument.go:64.21,66.3 1 0
github.com/goal-web/supports/utils/argument.go:67.2,67.27 1 0
github.com/goal-web/supports/utils/argument.go:67.27,69.3 1 0
github.com/goal-web/supports/utils/argument.go:71.2,71.10 1 0
github.com/goal-web/supports/utils/argument.go:74.68,75.21 1 0
github.com/goal-web/supports/utils/argument.go:75.21,77.3 1 0
github.com/goal-web/supports/utils/argument.go:78.2,78.27 1 0
github.com/goal-web/supports/utils/argument.go:78.27,80.3 1 0
github.com/goal-web/supports/utils/argument.go:82.2,82.10 1 0
github.com/goal-web/supports/utils/argument.go:85.60,86.21 1 0
github.com/goal-web/supports/utils/argument.go:86.21,88.3 1 0
github.com/goal-web/supports/utils/argument.go:89.2,89.27 1 0
github.com/goal-web/supports/utils/argument.go:89.27,91.3 1 0
github.com/goal-web/supports/utils/argument.go:93.2,93.10 1 0
github.com/goal-web/supports/utils/argument.go:96.110,97.21 1 0
github.com/goal-web/supports/utils/argument.go:97.21,99.3 1 0
github.com/goal-web/supports/utils/argument.go:100.2,100.27 1 0
github.com/goal-web/supports/utils/argument.go:100.27,102.3 1 0
github.com/goal-web/supports/utils/argument.go:104.2,104.12 1 0
github.com/goal-web/supports/utils/argument.go:107.70,108.21 1 0
github.com/goal-web/supports/utils/argument.go:108.21,110.3 1 0
github.com/goal-web/supports/utils/argument.go:111.2,111.27 1 0
github.com/goal-web/supports/utils/argument.go:111.27,113.3 1 0
github.com/goal-web/supports/utils/argument.go:115.2,115.10 1 0
github.com/goal-web/supports/utils/argument.go:118.72,119.21 1 0
github.com/goal-web/supports/utils/argument.go:119.21,121.3 1 0
github.com/goal-web/supports/utils/argument.go:122.2,122.27 1 0
github.com/goal-web/supports/utils/argument.go:122.27,124.3 1 0
github.com/goal-web/supports/utils/argument.go:126.2,126.10 1 0
github.com/goal-web/supports/utils/argument.go:129.60,130.21 1 0
github.com/goal-web/supports/utils/argument.go:130.21,132.3 1 0
github.com/goal-web/supports/utils/argument.go:133.2,133.27 1 0
github.com/goal-web/supports/utils/argument.go:133.27,135.3 1 0
github.com/goal-web/supports/utils/argument.go:137.2,137.14 1 0
github.com/goal-web/supports/utils/argument.go:140.62,141.21 1 0
github.com/goal-web/supports/utils/argument.go:141.21,143.3 1 0
github.com/goal-web/supports/utils/argument.go:144.2,144.27 1 0
github.com/goal-web/supports/utils/argument.go:144.27,146.3 1 0
github.com/goal-web/supports/utils/argument.go:148.2,148.12 1 0
github.com/goal-web/supports/utils/argument.go:151.64,152.21 1 0
github.com/goal-web/supports/utils/argument.go:152.21,154.3 1 0
github.com/goal-web/supports/utils/argument.go:155.2,155.27 1 0
github.com/goal-web/supports/utils/argument.go:155.27,157.3 1 0
github.com/goal-web/supports/utils/argument.go:159.2,159.12 1 0
github.com/goal-web/supports/utils/argument.go:162.98,163.21 1 0
github.com/goal-web/supports/utils/argument.go:163.21,165.3 1 0
github.com/goal-web/supports/utils/argument.go:166.2,166.27 1 0
github.com/goal-web/supports/utils/argument.go:166.27,168.3 1 0
github.com/goal-web/supports/utils/argument.go:170.2,170.12 1 0
github.com/goal-web/supports/utils/compare.go:10.61,11.18 1 0
github.com/goal-web/supports/utils/compare.go:12.17,13.34 1 0
github.com/goal-web/supports/utils/compare.go:14.19,15.32 1 0
github.com/goal-web/supports/utils/compare.go:16.17,17.31 1 0
github.com/goal-web/supports/utils/compare.go:18.17,19.31 1 0
github.com/goal-web/supports/utils/compare.go:20.19,21.32 1 0
github.com/goal-web/supports/utils/compare.go:22.12,23.31 1 0
github.com/goal-web/supports/utils/compare.go:24.16,25.34 1 0
github.com/goal-web/supports/utils/compare.go:27.2,27.14 1 0
github.com/goal-web/supports/utils/compare.go:31.44,35.78 3 0
github.com/goal-web/supports/utils/compare.go:35.78,37.3 1 0
github.com/goal-web/supports/utils/compare.go:39.2,39.31 1 0
github.com/goal-web/supports/utils/compare.go:40.20,41.62 1 0
github.com/goal-web/supports/utils/compare.go:42.22,43.70 1 0
github.com/goal-web/supports/utils/compare.go:46.36,47.55 1 0
github.com/goal-web/supports/utils/compare.go:49.22,51.41 1 0
github.com/goal-web/supports/utils/compare.go:51.41,53.4 1 0
github.com/goal-web/supports/utils/compare.go:55.3,57.113 3 0
github.com/goal-web/supports/utils/compare.go:57.113,58.27 1 0
github.com/goal-web/supports/utils/compare.go:58.27,60.5 1 0
github.com/goal-web/supports/utils/compare.go:62.4,62.91 1 0
github.com/goal-web/supports/utils/compare.go:62.91,64.5 1 0
github.com/goal-web/supports/utils/compare.go:66.3,66.16 1 0
github.com/goal-web/supports/utils/compare.go:67.36,70.46 3 0
github.com/goal-web/supports/utils/compare.go:70.46,72.4 1 0
github.com/goal-web/supports/utils/compare.go:74.3,75.67 2 0
github.com/goal-web/supports/utils/compare.go:75.67,76.80 1 0
github.com/goal-web/supports/utils/compare.go:76.80,78.5 1 0
github.com/goal-web/supports/utils/compare.go:80.3,80.16 1 0
github.com/goal-web/supports/utils/compare.go:82.2,82.14 1 0
github.com/goal-web/supports/utils/compare.go:86.50,88.24 2 0
github.com/goal-web/supports/utils/compare.go:88.24,90.3 1 0
github.com/goal-web/supports/utils/compare.go:92.2,92.59 1 0
github.com/goal-web/supports/utils/compare.go:92.59,93.56 1 0
github.com/goal-web/supports/utils/compare.go:93.56,95.4 1 0
github.com/goal-web/supports/utils/compare.go:97.2,97.8 1 0
github.com/goal-web/supports/utils/compare.go:101.53,103.24 2 0
github.com/goal-web/supports/utils/compare.go:103.24,105.3 1 0
github.com/goal-web/supports/utils/compare.go:106.2,106.59 1 0
github.com/goal-web/supports/utils/compare.go:106.59,107.56 1 0
github.com/goal-web/supports/utils/compare.go:107.56,109.4 1 0
github.com/goal-web/supports/utils/compare.go:111.2,111.16 1 0
github.com/goal-web/supports/utils/compare.go:115.41,117.2 1 0
github.com/goal-web/supports/utils/compare.go:120.42,122.2 1 0
github.com/goal-web/supports/utils/compare.go:125.41,127.2 1 0
github.com/goal-web/supports/utils/compare.go:130.42,132.2 1 0
github.com/goal-web/supports/utils/compare.go:135.35,136.36 1 0
github.com/goal-web/supports/utils/compare.go:137.20,138.72 1 0
github.com/goal-web/supports/utils/compare.go:139.21,140.72 1 0
github.com/goal-web/supports/utils/compare.go:142.2,143.89 2 0
github.com/goal-web/supports/utils/compare.go:146.156,147.25 1 0
github.com/goal-web/supports/utils/compare.go:147.25,148.18 1 0
github.com/goal-web/supports/utils/compare.go:148.18,150.4 1 0
github.com/goal-web/supports/utils/compare.go:152.2,152.13 1 0
github.com/goal-web/supports/utils/compare.go:155.153,156.25 1 0
github.com/goal-web/supports/utils/compare.go:156.25,157.18 1 0
github.com/goal-web/supports/utils/compare.go:157.18,159.4 1 0
github.com/goal-web/supports/utils/compare.go:161.2,161.14 1 0
github.com/goal-web/supports/utils/convert.go:9.54,10.34 1 1
github.com/goal-web/supports/utils/convert.go:11.13,12.15 1 0
github.com/goal-web/supports/utils/convert.go:13.11,14.22 1 0
github.com/goal-web/supports/utils/convert.go:15.12,16.22 1 0
github.com/goal-web/supports/utils/convert.go:17.14,18.22 1 0
github.com/goal-web/supports/utils/convert.go:19.13,20.22 1 0
github.com/goal-web/supports/utils/convert.go:21.14,22.22 1 0
github.com/goal-web/supports/utils/convert.go:23.14,24.22 1 0
github.com/goal-web/supports/utils/convert.go:25.12,26.22 1 0
github.com/goal-web/supports/utils/convert.go:27.13,28.22 1 0
github.com/goal-web/supports/utils/convert.go:29.13,30.22 1 0
github.com/goal-web/supports/utils/convert.go:31.15,32.22 1 0
github.com/goal-web/supports/utils/convert.go:33.15,34.22 1 0
github.com/goal-web/supports/utils/convert.go:35.14,37.13 2 0
github.com/goal-web/supports/utils/convert.go:38.14,40.13 2 0
github.com/goal-web/supports/utils/convert.go:41.14,43.13 2 1
github.com/goal-web/supports/utils/convert.go:46.2,46.21 1 0
github.com/goal-web/supports/utils/convert.go:50.57,51.34 1 0
github.com/goal-web/supports/utils/convert.go:52.13,53.23 1 0
github.com/goal-web/supports/utils/convert.go:54.11,55.23 1 0
github.com/goal-web/supports/utils/convert.go:56.12,57.23 1 0
github.com/goal-web/supports/utils/convert.go:58.14,59.23 1 0
github.com/goal-web/supports/utils/convert.go:60.13,61.23 1 0
github.com/goal-web/supports/utils/convert.go:62.14,63.23 1 0
github.com/goal-web/supports/utils/convert.go:64.14,65.23 1 0
github.com/goal-web/supports/utils/convert.go:66.12,67.23 1 0
github.com/goal-web/supports/utils/convert.go:68.13,69.23 1 0
github.com/goal-web/supports/utils/convert.go:70.13,71.23 1 0
github.com/goal-web/supports/utils/convert.go:72.15,73.23 1 0
github.com/goal-web/supports/utils/convert.go:74.15,75.23 1 0
github.com/goal-web/supports/utils/convert.go:76.14,78.13 2 0
github.com/goal-web/supports/utils/convert.go:79.14,81.13 2 0
github.com/goal-web/supports/utils/convert.go:82.14,84.13 2 0
github.com/goal-web/supports/utils/convert.go:87.2,87.21 1 0
github.com/goal-web/supports/utils/convert.go:91.48,92.34 1 2
github.com/goal-web/supports/utils/convert.go:93.13,94.20 1 0
github.com/goal-web/supports/utils/convert.go:95.11,96.15 1 0
github.com/goal-web/supports/utils/convert.go:97.12,98.20 1 0
github.com/goal-web/supports/utils/convert.go:99.14,100.20 1 0
github.com/goal-web/supports/utils/convert.go:101.13,102.20 1 0
github.com/goal-web/supports/utils/convert.go:103.14,104.20 1 0
github.com/goal-web/supports/utils/convert.go:105.14,106.20 1 0
github.com/goal-web/supports/utils/convert.go:107.12,108.20 1 0
github.com/goal-web/supports/utils/convert.go:109.13,110.20 1 0
github.com/goal-web/supports/utils/convert.go:111.13,112.20 1 0
github.com/goal-web/supports/utils/convert.go:113.15,114.20 1 0
github.com/goal-web/supports/utils/convert.go:115.15,116.20 1 0
github.com/goal-web/supports/utils/convert.go:117.14,119.18 2 0
github.com/goal-web/supports/utils/convert.go:120.14,122.18 2 0
github.com/goal-web/supports/utils/convert.go:123.14,125.18 2 2
github.com/goal-web/supports/utils/convert.go:128.2,128.21 1 0
github.com/goal-web/supports/utils/convert.go:132.51,133.34 1 0
github.com/goal-web/supports/utils/convert.go:134.13,135.21 1 0
github.com/goal-web/supports/utils/convert.go:136.11,137.21 1 0
github.com/goal-web/supports/utils/convert.go:138.12,139.21 1 0
github.com/goal-web/supports/utils/convert.go:140.14,141.21 1 0
github.com/goal-web/supports/utils/convert.go:142.13,143.21 1 0
github.com/goal-web/supports/utils/convert.go:144.14,145.21 1 0
github.com/goal-web/supports/utils/convert.go:146.14,147.21 1 0
github.com/goal-web/supports/utils/convert.go:148.12,149.21 1 0
github.com/goal-web/supports/utils/convert.go:150.13,151.21 1 0
github.com/goal-web/supports/utils/convert.go:152.13,153.21 1 0
github.com/goal-web/supports/utils/convert.go:154.15,155.21 1 0
github.com/goal-web/supports/utils/convert.go:156.15,157.21 1 0
github.com/goal-web/supports/utils/convert.go:158.14,160.19 2 0
github.com/goal-web/supports/utils/convert.go:161.14,163.19 2 0
github.com/goal-web/supports/utils/convert.go:164.14,166.19 2 0
github.com/goal-web/supports/utils/convert.go:169.2,169.21 1 0
github.com/goal-web/supports/utils/convert.go:173.54,174.34 1 0
github.com/goal-web/supports/utils/convert.go:175.13,176.22 1 0
github.com/goal-web/supports/utils/convert.go:177.11,178.22 1 0
github.com/goal-web/supports/utils/convert.go:179.12,180.22 1 0
github.com/goal-web/supports/utils/convert.go:181.14,182.22 1 0
github.com/goal-web/supports/utils/convert.go:183.13,184.22 1 0
github.com/goal-web/supports/utils/convert.go:185.14,186.22 1 0
github.com/goal-web/supports/utils/convert.go:187.14,188.22 1 0
github.com/goal-web/supports/utils/convert.go:189.12,190.22 1 0
github.com/goal-web/supports/utils/convert.go:191.13,192.22 1 0
github.com/goal-web/supports/utils/convert.go:193.13,194.15 1 0
github.com/goal-web/supports/utils/convert.go:195.15,196.22 1 0
github.com/goal-web/supports/utils/convert.go:197.15,198.22 1 0
github.com/goal-web/supports/utils/convert.go:199.14,201.20 2 0
github.com/goal-web/supports/utils/convert.go:202.14,204.20 2 0
github.com/goal-web/supports/utils/convert.go:205.14,207.20 2 0
github.com/goal-web/supports/utils/convert.go:210.2,210.21 1 0
github.com/goal-web/supports/utils/convert.go:214.57,215.34 1 0
github.com/goal-web/supports/utils/convert.go:216.13,217.23 1 0
github.com/goal-web/supports/utils/convert.go:218.11,219.23 1 0
github.com/goal-web/supports/utils/convert.go:220.12,221.23 1 0
github.com/goal-web/supports/utils/convert.go:222.14,223.23 1 0
github.com/goal-web/supports/utils/convert.go:224.13,225.23 1 0
github.com/goal-web/supports/utils/convert.go:226.14,227.23 1 0
github.com/goal-web/supports/utils/convert.go:228.14,229.23 1 0
github.com/goal-web/supports/utils/convert.go:230.12,231.23 1 0
github.com/goal-web/supports/utils/convert.go:232.13,233.23 1 0
github.com/goal-web/supports/utils/convert.go:234.13,235.23 1 0
github.com/goal-web/supports/utils/convert.go:236.15,237.23 1 0
github.com/goal-web/supports/utils/convert.go:238.15,239.23 1 0
github.com/goal-web/supports/utils/convert.go:240.14,242.21 2 0
github.com/goal-web/supports/utils/convert.go:243.14,245.21 2 0
github.com/goal-web/supports/utils/convert.go:246.14,248.21 2 0
github.com/goal-web/supports/utils/convert.go:251.2,251.21 1 0
github.com/goal-web/supports/utils/convert.go:255.51,256.34 1 0
github.com/goal-web/supports/utils/convert.go:257.13,258.21 1 0
github.com/goal-web/supports/utils/convert.go:259.11,260.21 1 0
github.com/goal-web/supports/utils/convert.go:261.12,262.21 1 0
github.com/goal-web/supports/utils/convert.go:263.14,264.21 1 0
github.com/goal-web/supports/utils/convert.go:265.13,266.21 1 0
github.com/goal-web/supports/utils/convert.go:267.14,268.21 1 0
github.com/goal-web/supports/utils/convert.go:269.14,270.21 1 0
github.com/goal-web/supports/utils/convert.go:271.12,272.21 1 0
github.com/goal-web/supports/utils/convert.go:273.13,274.21 1 0
github.com/goal-web/supports/utils/convert.go:275.13,276.21 1 0
github.com/goal-web/supports/utils/convert.go:277.15,278.21 1 0
github.com/goal-web/supports/utils/convert.go:279.15,280.21 1 0
github.com/goal-web/supports/utils/convert.go:281.14,283.19 2 0
github.com/goal-web/supports/utils/convert.go:284.14,286.19 2 0
github.com/goal-web/supports/utils/convert.go:287.14,289.19 2 0
github.com/goal-web/supports/utils/convert.go:292.2,292.21 1 0
github.com/goal-web/supports/utils/convert.go:296.54,297.34 1 0
github.com/goal-web/supports/utils/convert.go:298.13,299.22 1 0
github.com/goal-web/supports/utils/convert.go:300.11,301.22 1 0
github.com/goal-web/supports/utils/convert.go:302.12,303.22 1 0
github.com/goal-web/supports/utils/convert.go:304.14,305.22 1 0
github.com/goal-web/supports/utils/convert.go:306.13,307.22 1 0
github.com/goal-web/supports/utils/convert.go:308.14,309.22 1 0
github.com/goal-web/supports/utils/convert.go:310.14,311.22 1 0
github.com/goal-web/supports/utils/convert.go:312.12,313.22 1 0
github.com/goal-web/supports/utils/convert.go:314.13,315.22 1 0
github.com/goal-web/supports/utils/convert.go:316.13,317.22 1 0
github.com/goal-web/supports/utils/convert.go:318.15,319.22 1 0
github.com/goal-web/supports/utils/convert.go:320.15,321.22 1 0
github.com/goal-web/supports/utils/convert.go:322.14,324.20 2 0
github.com/goal-web/supports/utils/convert.go:325.14,327.20 2 0
github.com/goal-web/supports/utils/convert.go:328.14,330.20 2 0
github.com/goal-web/supports/utils/convert.go:333.2,333.21 1 0
github.com/goal-web/supports/utils/convert.go:337.54,338.34 1 0
github.com/goal-web/supports/utils/convert.go:339.13,340.22 1 0
github.com/goal-web/supports/utils/convert.go:341.11,342.22 1 0
github.com/goal-web/supports/utils/convert.go:343.12,344.22 1 0
github.com/goal-web/supports/utils/convert.go:345.14,346.22 1 0
github.com/goal-web/supports/utils/convert.go:347.13,348.22 1 0
github.com/goal-web/supports/utils/convert.go:349.14,350.22 1 0
github.com/goal-web/supports/utils/convert.go:351.14,352.22 1 0
github.com/goal-web/supports/utils/convert.go:353.12,354.22 1 0
github.com/goal-web/supports/utils/convert.go:355.13,356.22 1 0
github.com/goal-web/supports/utils/convert.go:357.13,358.22 1 0
github.com/goal-web/supports/utils/convert.go:359.15,360.22 1 0
github.com/goal-web/supports/utils/convert.go:361.15,362.22 1 0
github.com/goal-web/supports/utils/convert.go:363.14,365.20 2 0
github.com/goal-web/supports/utils/convert.go:366.14,368.20 2 0
github.com/goal-web/supports/utils/convert.go:369.14,371.20 2 0
github.com/goal-web/supports/utils/convert.go:374.2,374.21 1 0
github.com/goal-web/supports/utils/convert.go:378.57,379.34 1 0
github.com/goal-web/supports/utils/convert.go:380.13,381.23 1 0
github.com/goal-web/supports/utils/convert.go:382.11,383.23 1 0
github.com/goal-web/supports/utils/convert.go:384.12,385.23 1 0
github.com/goal-web/supports/utils/convert.go:386.14,387.23 1 0
github.com/goal-web/supports/utils/convert.go:388.13,389.23 1 0
github.com/goal-web/supports/utils/convert.go:390.14,391.23 1 0
github.com/goal-web/supports/utils/convert.go:392.14,393.23 1 0
github.com/goal-web/supports/utils/convert.go:394.12,395.23 1 0
github.com/goal-web/supports/utils/convert.go:396.13,397.23 1 0
github.com/goal-web/supports/utils/convert.go:398.13,399.23 1 0
github.com/goal-web/supports/utils/convert.go:400.15,401.23 1 0
github.com/goal-web/supports/utils/convert.go:402.15,403.23 1 0
github.com/goal-web/supports/utils/convert.go:404.14,406.21 2 0
github.com/goal-web/supports/utils/convert.go:407.14,409.21 2 0
github.com/goal-web/supports/utils/convert.go:410.14,412.21 2 0
github.com/goal-web/supports/utils/convert.go:415.2,415.21 1 0
github.com/goal-web/supports/utils/convert.go:419.60,420.34 1 0
github.com/goal-web/supports/utils/convert.go:421.15,422.15 1 0
github.com/goal-web/supports/utils/convert.go:423.13,424.24 1 0
github.com/goal-web/supports/utils/convert.go:425.12,426.24 1 0
github.com/goal-web/supports/utils/convert.go:427.14,428.24 1 0
github.com/goal-web/supports/utils/convert.go:429.13,430.24 1 0
github.com/goal-web/supports/utils/convert.go:431.14,432.24 1 0
github.com/goal-web/supports/utils/convert.go:433.14,434.24 1 0
github.com/goal-web/supports/utils/convert.go:435.11,436.24 1 0
github.com/goal-web/supports/utils/convert.go:437.12,438.24 1 0
github.com/goal-web/supports/utils/convert.go:439.13,440.24 1 0
github.com/goal-web/supports/utils/convert.go:441.13,442.24 1 0
github.com/goal-web/supports/utils/convert.go:443.15,444.24 1 0
github.com/goal-web/supports/utils/convert.go:445.12,446.12 1 0
github.com/goal-web/supports/utils/convert.go:446.12,448.4 1 0
github.com/goal-web/supports/utils/convert.go:448.9,450.4 1 0
github.com/goal-web/supports/utils/convert.go:451.14,453.13 2 0
github.com/goal-web/supports/utils/convert.go:454.14,456.13 2 0
github.com/goal-web/supports/utils/convert.go:457.14,459.13 2 0
github.com/goal-web/supports/utils/convert.go:462.2,462.21 1 0
github.com/goal-web/supports/utils/convert.go:466.58,467.34 1 0
github.com/goal-web/supports/utils/convert.go:468.15,469.24 1 0
github.com/goal-web/supports/utils/convert.go:470.12,471.24 1 0
github.com/goal-web/supports/utils/convert.go:472.14,473.24 1 0
github.com/goal-web/supports/utils/convert.go:474.13,475.24 1 0
github.com/goal-web/supports/utils/convert.go:476.14,477.24 1 0
github.com/goal-web/supports/utils/convert.go:478.14,479.24 1 0
github.com/goal-web/supports/utils/convert.go:480.13,481.24 1 0
github.com/goal-web/supports/utils/convert.go:482.11,483.24 1 0
github.com/goal-web/supports/utils/convert.go:484.12,485.24 1 0
github.com/goal-web/supports/utils/convert.go:486.13,487.24 1 0
github.com/goal-web/supports/utils/convert.go:488.13,489.24 1 0
github.com/goal-web/supports/utils/convert.go:490.15,491.15 1 0
github.com/goal-web/supports/utils/convert.go:492.12,493.12 1 0
github.com/goal-web/supports/utils/convert.go:493.12,495.4 1 0
github.com/goal-web/supports/utils/convert.go:495.9,497.4 1 0
github.com/goal-web/supports/utils/convert.go:498.14,500.22 2 0
github.com/goal-web/supports/utils/convert.go:501.14,503.22 2 0
github.com/goal-web/supports/utils/convert.go:504.14,506.22 2 0
github.com/goal-web/supports/utils/convert.go:509.2,509.21 1 0
github.com/goal-web/supports/utils/convert.go:513.51,514.34 1 1
github.com/goal-web/supports/utils/convert.go:515.12,516.15 1 0
github.com/goal-web/supports/utils/convert.go:517.14,518.16 1 1
github.com/goal-web/supports/utils/convert.go:519.36,520.16 1 0
github.com/goal-web/supports/utils/convert.go:521.30,522.15 1 1
github.com/goal-web/supports/utils/convert.go:524.42,525.47 1 0
github.com/goal-web/supports/utils/convert.go:528.2,528.21 1 0
github.com/goal-web/supports/utils/convert.go:532.57,533.34 1 1
github.com/goal-web/supports/utils/convert.go:534.12,535.42 1 0
github.com/goal-web/supports/utils/convert.go:536.14,537.15 1 0
github.com/goal-web/supports/utils/convert.go:538.14,539.23 1 0
github.com/goal-web/supports/utils/convert.go:540.14,541.23 1 0
github.com/goal-web/supports/utils/convert.go:542.20,543.24 1 0
github.com/goal-web/supports/utils/convert.go:544.75,545.34 1 1
github.com/goal-web/supports/utils/convert.go:546.24,547.34 1 0
github.com/goal-web/supports/utils/convert.go:552.2,552.21 1 0
github.com/goal-web/supports/utils/env.go:10.61,12.16 2 0
github.com/goal-web/supports/utils/env.go:12.16,14.3 1 0
github.com/goal-web/supports/utils/env.go:16.2,17.61 2 0
github.com/goal-web/supports/utils/env.go:17.61,18.35 1 0
github.com/goal-web/supports/utils/env.go:18.35,19.12 1 0
github.com/goal-web/supports/utils/env.go:21.3,22.22 2 0
github.com/goal-web/supports/utils/env.go:22.22,24.4 1 0
github.com/goal-web/supports/utils/env.go:27.2,27.20 1 0
github.com/goal-web/supports/utils/error.go:5.37,6.15 1 0
github.com/goal-web/supports/utils/error.go:6.15,7.39 1 0
github.com/goal-web/supports/utils/error.go:7.39,8.29 1 0
github.com/goal-web/supports/utils/error.go:9.15,10.12 1 0
github.com/goal-web/supports/utils/error.go:11.12,12.33 1 0
github.com/goal-web/supports/utils/error.go:17.2,19.8 2 0
github.com/goal-web/supports/utils/fields.go:12.75,15.27 2 0
github.com/goal-web/supports/utils/fields.go:15.27,17.3 1 0
github.com/goal-web/supports/utils/fields.go:19.2,19.16 1 0
github.com/goal-web/supports/utils/fields.go:22.53,26.26 3 0
github.com/goal-web/supports/utils/fields.go:26.26,29.3 2 0
github.com/goal-web/supports/utils/fields.go:31.2,31.16 1 0
github.com/goal-web/supports/utils/fields.go:34.51,36.27 2 0
github.com/goal-web/supports/utils/fields.go:36.27,38.3 1 0
github.com/goal-web/supports/utils/fields.go:40.2,40.16 1 0
github.com/goal-web/supports/utils/fields.go:44.77,50.33 2 0
github.com/goal-web/supports/utils/fields.go:50.33,51.41 1 0
github.com/goal-web/supports/utils/fields.go:51.41,53.4 1 0
github.com/goal-web/supports/utils/fields.go:56.2,56.16 1 0
github.com/goal-web/supports/utils/fields.go:60.81,63.27 2 0
github.com/goal-web/supports/utils/fields.go:63.27,64.41 1 0
github.com/goal-web/supports/utils/fields.go:64.41,66.4 1 0
github.com/goal-web/supports/utils/fields.go:69.2,69.16 1 0
github.com/goal-web/supports/utils/fields.go:73.73,74.38 1 0
github.com/goal-web/supports/utils/fields.go:74.38,76.3 1 0
github.com/goal-web/supports/utils/fields.go:80.90,81.54 1 0
github.com/goal-web/supports/utils/fields.go:81.54,82.48 1 0
github.com/goal-web/supports/utils/fields.go:82.48,84.4 1 0
github.com/goal-web/supports/utils/fields.go:86.2,86.35 1 0
github.com/goal-web/supports/utils/fields.go:90.107,92.66 1 0
github.com/goal-web/supports/utils/fields.go:92.66,94.3 1 0
github.com/goal-web/supports/utils/fields.go:96.2,96.28 1 0
github.com/goal-web/supports/utils/fields.go:96.28,98.3 1 0
github.com/goal-web/supports/utils/fields.go:100.2,103.43 3 0
github.com/goal-web/supports/utils/fields.go:103.43,104.42 1 0
github.com/goal-web/supports/utils/fields.go:104.42,106.4 1 0
github.com/goal-web/supports/utils/fields.go:109.2,109.23 1 0
github.com/goal-web/supports/utils/fields.go:109.23,111.3 1 0
github.com/goal-web/supports/utils/fields.go:113.2,113.17 1 0
github.com/goal-web/supports/utils/fields.go:117.87,119.28 2 0
github.com/goal-web/supports/utils/fields.go:119.28,121.3 1 0
github.com/goal-web/supports/utils/fields.go:122.2,122.52 1 0
github.com/goal-web/supports/utils/fields.go:122.52,123.46 1 0
github.com/goal-web/supports/utils/fields.go:123.46,125.4 1 0
github.com/goal-web/supports/utils/fields.go:126.3,126.38 1 0
github.com/goal-web/supports/utils/fields.go:127.8,129.3 1 0
github.com/goal-web/supports/utils/fields.go:133.81,135.28 2 0
github.com/goal-web/supports/utils/fields.go:135.28,137.3 1 0
github.com/goal-web/supports/utils/fields.go:138.2,138.52 1 0
github.com/goal-web/supports/utils/fields.go:138.52,139.44 1 0
github.com/goal-web/supports/utils/fields.go:139.44,141.4 1 0
github.com/goal-web/supports/utils/fields.go:142.3,142.50 1 0
github.com/goal-web/supports/utils/fields.go:143.8,145.3 1 0
github.com/goal-web/supports/utils/fields.go:149.91,151.28 2 0
github.com/goal-web/supports/utils/fields.go:151.28,153.3 1 0
github.com/goal-web/supports/utils/fields.go:154.2,154.52 1 0
github.com/goal-web/supports/utils/fields.go:154.52,155.48 1 0
github.com/goal-web/supports/utils/fields.go:155.48,157.4 1 0
github.com/goal-web/supports/utils/fields.go:158.3,158.38 1 0
github.com/goal-web/supports/utils/fields.go:159.8,161.3 1 0
github.com/goal-web/supports/utils/fields.go:165.93,167.28 2 0
github.com/goal-web/supports/utils/fields.go:167.28,169.3 1 0
github.com/goal-web/supports/utils/fields.go:170.2,170.52 1 0
github.com/goal-web/supports/utils/fields.go:170.52,171.48 1 0
github.com/goal-web/supports/utils/fields.go:171.48,173.4 1 0
github.com/goal-web/supports/utils/fields.go:174.3,174.40 1 0
github.com/goal-web/supports/utils/fields.go:175.8,177.3 1 0
github.com/goal-web/supports/utils/fields.go:181.84,183.28 2 0
github.com/goal-web/supports/utils/fields.go:183.28,185.3 1 0
github.com/goal-web/supports/utils/fields.go:186.2,186.57 1 0
github.com/goal-web/supports/utils/fields.go:186.57,188.3 1 0
github.com/goal-web/supports/utils/fields.go:189.2,189.21 1 0
github.com/goal-web/supports/utils/fields.go:193.55,195.39 2 0
github.com/goal-web/supports/utils/fields.go:196.32,197.33 1 0
github.com/goal-web/supports/utils/fields.go:198.24,199.22 1 0
github.com/goal-web/supports/utils/fields.go:200.22,201.38 1 0
github.com/goal-web/supports/utils/fields.go:201.38,203.4 1 0
github.com/goal-web/supports/utils/fields.go:204.19,205.38 1 0
github.com/goal-web/supports/utils/fields.go:205.38,207.4 1 0
github.com/goal-web/supports/utils/fields.go:208.22,209.38 1 0
github.com/goal-web/supports/utils/fields.go:209.38,211.4 1 0
github.com/goal-web/supports/utils/fields.go:212.23,213.38 1 0
github.com/goal-web/supports/utils/fields.go:213.38,215.4 1 0
github.com/goal-web/supports/utils/fields.go:216.24,217.38 1 0
github.com/goal-web/supports/utils/fields.go:217.38,219.4 1 0
github.com/goal-web/supports/utils/fields.go:220.24,221.38 1 0
github.com/goal-web/supports/utils/fields.go:221.38,223.4 1 0
github.com/goal-web/supports/utils/fields.go:224.24,225.38 1 0
github.com/goal-web/supports/utils/fields.go:225.38,227.4 1 0
github.com/goal-web/supports/utils/fields.go:228.23,229.38 1 0
github.com/goal-web/supports/utils/fields.go:229.38,231.4 1 0
github.com/goal-web/supports/utils/fields.go:232.24,233.38 1 0
github.com/goal-web/supports/utils/fields.go:233.38,235.4 1 0
github.com/goal-web/supports/utils/fields.go:236.25,237.38 1 0
github.com/goal-web/supports/utils/fields.go:237.38,239.4 1 0
github.com/goal-web/supports/utils/fields.go:240.25,241.38 1 0
github.com/goal-web/supports/utils/fields.go:241.38,243.4 1 0
github.com/goal-web/supports/utils/fields.go:244.25,245.38 1 0
github.com/goal-web/supports/utils/fields.go:245.38,247.4 1 0
github.com/goal-web/supports/utils/fields.go:248.26,249.38 1 0
github.com/goal-web/supports/utils/fields.go:249.38,251.4 1 0
github.com/goal-web/supports/utils/fields.go:252.26,253.38 1 0
github.com/goal-web/supports/utils/fields.go:253.38,255.4 1 0
github.com/goal-web/supports/utils/fields.go:256.25,257.38 1 0
github.com/goal-web/supports/utils/fields.go:257.38,259.4 1 0
github.com/goal-web/supports/utils/fields.go:260.23,261.38 1 0
github.com/goal-web/supports/utils/fields.go:261.38,263.4 1 0
github.com/goal-web/supports/utils/fields.go:264.10,266.27 2 0
github.com/goal-web/supports/utils/fields.go:267.20,268.49 1 0
github.com/goal-web/supports/utils/fields.go:268.49,269.122 1 0
github.com/goal-web/supports/utils/fields.go:269.122,270.28 1 0
github.com/goal-web/supports/utils/fields.go:270.28,272.7 1 0
github.com/goal-web/supports/utils/fields.go:272.12,274.7 1 0
github.com/goal-web/supports/utils/fields.go:277.23,278.94 1 0
github.com/goal-web/supports/utils/fields.go:278.94,279.27 1 0
github.com/goal-web/supports/utils/fields.go:279.27,281.6 1 0
github.com/goal-web/supports/utils/fields.go:281.11,283.6 1 0
github.com/goal-web/supports/utils/fields.go:285.20,286.44 1 0
github.com/goal-web/supports/utils/fields.go:286.44,289.5 2 0
github.com/goal-web/supports/utils/fields.go:290.11,291.96 1 0
github.com/goal-web/supports/utils/fields.go:294.2,294.20 1 0
github.com/goal-web/supports/utils/file.go:12.35,15.2 2 0
github.com/goal-web/supports/utils/file.go:18.39,20.24 2 0
github.com/goal-web/supports/utils/file.go:20.24,22.3 1 0
github.com/goal-web/supports/utils/file.go:23.2,23.36 1 0
github.com/goal-web/supports/utils/file.go:27.56,29.20 2 0
github.com/goal-web/supports/utils/file.go:29.20,31.3 1 0
github.com/goal-web/supports/utils/file.go:33.2,33.40 1 0
github.com/goal-web/supports/utils/file.go:33.40,35.3 1 0
github.com/goal-web/supports/utils/file.go:37.2,38.20 2 0
github.com/goal-web/supports/utils/file.go:38.20,40.3 1 0
github.com/goal-web/supports/utils/file.go:41.2,44.20 3 0
github.com/goal-web/supports/utils/file.go:44.20,46.3 1 0
github.com/goal-web/supports/utils/file.go:48.2,49.22 2 0
github.com/goal-web/supports/utils/file.go:49.22,51.3 1 0
github.com/goal-web/supports/utils/file.go:52.2,55.6 3 0
github.com/goal-web/supports/utils/file.go:55.6,57.34 2 0
github.com/goal-web/supports/utils/file.go:57.34,59.4 1 0
github.com/goal-web/supports/utils/file.go:60.3,60.13 1 0
github.com/goal-web/supports/utils/file.go:60.13,61.9 1 0
github.com/goal-web/supports/utils/file.go:64.3,64.54 1 0
github.com/goal-web/supports/utils/file.go:64.54,66.4 1 0
github.com/goal-web/supports/utils/file.go:68.2,68.12 1 0
github.com/goal-web/supports/utils/file.go:72.52,73.79 1 0
github.com/goal-web/supports/utils/file.go:73.79,74.34 1 0
github.com/goal-web/supports/utils/file.go:74.34,76.4 1 0
github.com/goal-web/supports/utils/file.go:77.3,77.13 1 0
github.com/goal-web/supports/utils/file.go:79.2,79.16 1 0
github.com/goal-web/supports/utils/file.go:83.58,84.86 1 0
github.com/goal-web/supports/utils/file.go:84.86,85.53 1 0
github.com/goal-web/supports/utils/file.go:85.53,87.4 1 0
github.com/goal-web/supports/utils/file.go:88.3,88.13 1 0
github.com/goal-web/supports/utils/file.go:90.2,90.16 1 0
github.com/goal-web/supports/utils/hash.go:10.27,15.2 4 0
github.com/goal-web/supports/utils/hash.go:17.47,20.2 2 0
github.com/goal-web/supports/utils/map.go:9.54,10.24 1 0
github.com/goal-web/supports/utils/map.go:10.24,12.3 1 0
github.com/goal-web/supports/utils/map.go:13.2,13.8 1 0
github.com/goal-web/supports/utils/map.go:16.59,18.2 1 0
github.com/goal-web/supports/utils/map.go:20.79,21.33 1 0
github.com/goal-web/supports/utils/map.go:21.33,22.28 1 0
github.com/goal-web/supports/utils/map.go:23.23,24.76 1 0
github.com/goal-web/supports/utils/map.go:25.11,26.23 1 0
github.com/goal-web/supports/utils/rand.go:23.28,27.65 3 0
github.com/goal-web/supports/utils/rand.go:27.65,28.18 1 0
github.com/goal-web/supports/utils/rand.go:28.18,30.4 1 0
github.com/goal-web/supports/utils/rand.go:31.3,31.59 1 0
github.com/goal-web/supports/utils/rand.go:31.59,34.4 2 0
github.com/goal-web/supports/utils/rand.go:35.3,36.11 2 0
github.com/goal-web/supports/utils/rand.go:38.2,38.20 1 0
github.com/goal-web/supports/utils/rand.go:41.44,42.15 1 0
github.com/goal-web/supports/utils/rand.go:42.15,44.3 1 0
github.com/goal-web/supports/utils/rand.go:45.2,47.19 3 0
github.com/goal-web/supports/utils/rand.go:47.19,48.28 1 0
github.com/goal-web/supports/utils/rand.go:48.28,50.4 1 0
github.com/goal-web/supports/utils/rand.go:51.8,52.26 1 0
github.com/goal-web/supports/utils/rand.go:52.26,54.27 2 0
github.com/goal-web/supports/utils/rand.go:54.27,56.5 1 0
github.com/goal-web/supports/utils/rand.go:59.2,59.16 1 0
github.com/goal-web/supports/utils/rand.go:62.32,64.2 1 0
github.com/goal-web/supports/utils/rand.go:66.58,68.2 1 0
github.com/goal-web/supports/utils/rand.go:74.75,83.42 4 0
github.com/goal-web/supports/utils/rand.go:83.42,85.3 1 0
github.com/goal-web/supports/utils/rand.go:88.2,93.24 4 0
github.com/goal-web/supports/utils/rand.go:93.24,95.3 1 0
github.com/goal-web/supports/utils/rand.go:97.2,97.23 1 0
github.com/goal-web/supports/utils/reflect.go:14.50,17.37 2 0
github.com/goal-web/supports/utils/reflect.go:17.37,19.3 1 0
github.com/goal-web/supports/utils/reflect.go:21.2,21.29 1 0
github.com/goal-web/supports/utils/reflect.go:25.36,32.37 2 2
github.com/goal-web/supports/utils/reflect.go:32.37,34.3 1 0
github.com/goal-web/supports/utils/reflect.go:36.2,36.37 1 2
github.com/goal-web/supports/utils/reflect.go:36.37,38.3 1 1
github.com/goal-web/supports/utils/reflect.go:40.2,40.63 1 2
github.com/goal-web/supports/utils/reflect.go:44.42,46.27 2 1
github.com/goal-web/supports/utils/reflect.go:46.27,48.3 1 1
github.com/goal-web/supports/utils/reflect.go:49.2,49.14 1 1
github.com/goal-web/supports/utils/reflect.go:53.54,54.26 1 1
github.com/goal-web/supports/utils/reflect.go:54.26,55.25 1 1
github.com/goal-web/supports/utils/reflect.go:55.25,57.4 1 1
github.com/goal-web/supports/utils/reflect.go:59.2,59.14 1 0
github.com/goal-web/supports/utils/reflect.go:63.103,66.43 2 0
github.com/goal-web/supports/utils/reflect.go:66.43,68.3 1 0
github.com/goal-web/supports/utils/reflect.go:72.71,75.32 2 0
github.com/goal-web/supports/utils/reflect.go:75.32,77.3 1 0
github.com/goal-web/supports/utils/reflect.go:81.89,82.38 1 0
github.com/goal-web/supports/utils/reflect.go:82.38,84.3 1 0
github.com/goal-web/supports/utils/reflect.go:88.40,89.29 1 1
github.com/goal-web/supports/utils/reflect.go:89.29,91.3 1 0
github.com/goal-web/supports/utils/reflect.go:93.2,93.31 1 1
github.com/goal-web/supports/utils/reflect.go:93.31,95.3 1 1
github.com/goal-web/supports/utils/reflect.go:97.2,99.60 2 0
github.com/goal-web/supports/utils/reflect.go:103.30,104.27 1 0
github.com/goal-web/supports/utils/reflect.go:104.27,105.33 1 0
github.com/goal-web/supports/utils/reflect.go:106.40,107.20 1 0
github.com/goal-web/supports/utils/reflect.go:108.19,109.20 1 0
github.com/goal-web/supports/utils/reflect.go:111.3,111.17 1 0
github.com/goal-web/supports/utils/reflect.go:111.17,113.4 1 0
github.com/goal-web/supports/utils/reflect.go:115.2,115.12 1 0
github.com/goal-web/supports/utils/reflect.go:119.67,121.63 2 0
github.com/goal-web/supports/utils/reflect.go:121.63,123.19 2 0
github.com/goal-web/supports/utils/reflect.go:123.19,125.4 1 0
github.com/goal-web/supports/utils/reflect.go:125.9,127.4 1 0
github.com/goal-web/supports/utils/reflect.go:129.2,129.16 1 0
github.com/goal-web/supports/utils/reflect.go:133.59,134.24 1 1
github.com/goal-web/supports/utils/reflect.go:135.22,136.44 1 0
github.com/goal-web/supports/utils/reflect.go:137.19,138.40 1 1
github.com/goal-web/supports/utils/reflect.go:139.21,140.42 1 0
github.com/goal-web/supports/utils/reflect.go:141.23,142.44 1 0
github.com/goal-web/supports/utils/reflect.go:143.23,144.42 1 0
github.com/goal-web/supports/utils/reflect.go:145.20,146.45 1 0
github.com/goal-web/supports/utils/reflect.go:148.2,148.48 1 0
github.com/goal-web/supports/utils/reflect.go:148.48,150.3 1 0
github.com/goal-web/supports/utils/reflect.go:151.2,151.29 1 0
github.com/goal-web/supports/utils/string.go:9.51,12.21 3 0
github.com/goal-web/supports/utils/string.go:12.21,14.3 1 0
github.com/goal-web/supports/utils/string.go:15.2,15.13 1 0
github.com/goal-web/supports/utils/string.go:15.13,17.3 1 0
github.com/goal-web/supports/utils/string.go:18.2,18.37 1 0
github.com/goal-web/supports/utils/string.go:18.37,20.3 1 0
github.com/goal-web/supports/utils/string.go:21.2,21.41 1 0
github.com/goal-web/supports/utils/string.go:25.71,26.15 1 0
github.com/goal-web/supports/utils/string.go:26.15,28.3 1 0
github.com/goal-web/supports/utils/string.go:29.2,29.30 1 0
github.com/goal-web/supports/utils/string.go:33.56,34.15 1 0
github.com/goal-web/supports/utils/string.go:34.15,36.3 1 0
github.com/goal-web/supports/utils/string.go:37.2,37.26 1 0
github.com/goal-web/supports/utils/string.go:41.42,42.31 1 0
github.com/goal-web/supports/utils/string.go:42.31,43.16 1 0
github.com/goal-web/supports/utils/string.go:43.16,45.4 1 0
github.com/goal-web/supports/utils/string.go:47.2,47.11 1 0
github.com/goal-web/supports/utils/string.go:51.33,52.29 1 0
github.com/goal-web/supports/utils/string.go:52.29,53.13 1 0
github.com/goal-web/supports/utils/string.go:53.13,55.4 1 0
github.com/goal-web/supports/utils/string.go:57.2,57.10 1 0
github.com/goal-web/supports/utils/string.go:61.35,65.27 4 0
github.com/goal-web/supports/utils/string.go:65.27,70.41 2 0
github.com/goal-web/supports/utils/string.go:70.41,72.4 1 0
github.com/goal-web/supports/utils/string.go:73.3,73.15 1 0
github.com/goal-web/supports/utils/string.go:73.15,75.4 1 0
github.com/goal-web/supports/utils/string.go:76.3,76.25 1 0
github.com/goal-web/supports/utils/string.go:79.2,79.41 1 0
github.com/goal-web/supports/utils/string.go:83.35,88.28 5 0
github.com/goal-web/supports/utils/string.go:88.28,90.33 2 0
github.com/goal-web/supports/utils/string.go:90.33,92.4 1 0
github.com/goal-web/supports/utils/string.go:93.3,93.40 1 0
github.com/goal-web/supports/utils/string.go:93.40,97.4 3 0
github.com/goal-web/supports/utils/string.go:98.3,98.65 1 0
github.com/goal-web/supports/utils/string.go:98.65,100.12 2 0
github.com/goal-web/supports/utils/string.go:102.3,102.25 1 0
github.com/goal-web/supports/utils/string.go:104.2,104.24 1 0
github.com/goal-web/supports/utils/string.go:108.72,109.35 1 0
github.com/goal-web/supports/utils/string.go:109.35,110.17 1 0
github.com/goal-web/supports/utils/string.go:110.17,112.4 1 0
github.com/goal-web/supports/utils/string.go:112.9,114.4 1 0
github.com/goal-web/supports/utils/string.go:116.2,116.8 1 0
github.com/goal-web/supports/utils/string.go:120.58,121.30 1 0
github.com/goal-web/supports/utils/string.go:121.30,122.17 1 0
github.com/goal-web/supports/utils/string.go:122.17,124.4 1 0
github.com/goal-web/supports/utils/string.go:124.9,126.4 1 0
github.com/goal-web/supports/utils/string.go:129.2,129.8 1 0
github.com/goal-web/supports/utils/string.go:133.62,134.30 1 0
github.com/goal-web/supports/utils/string.go:134.30,135.17 1 0
github.com/goal-web/supports/utils/string.go:135.17,137.4 1 0
github.com/goal-web/supports/utils/string.go:137.9,139.4 1 0
github.com/goal-web/supports/utils/string.go:141.2,141.8 1 0
github.com/goal-web/supports/utils/string.go:145.64,146.30 1 0
github.com/goal-web/supports/utils/string.go:146.30,147.17 1 0
github.com/goal-web/supports/utils/string.go:147.17,149.4 1 0
github.com/goal-web/supports/utils/string.go:149.9,151.4 1 0
github.com/goal-web/supports/utils/string.go:153.2,153.8 1 0
github.com/goal-web/supports/utils/string.go:157.66,158.30 1 0
github.com/goal-web/supports/utils/string.go:158.30,159.17 1 0
github.com/goal-web/supports/utils/string.go:159.17,161.4 1 0
github.com/goal-web/supports/utils/string.go:161.9,163.4 1 0
github.com/goal-web/supports/utils/string.go:165.2,165.8 1 0
github.com/goal-web/supports/utils/string.go:169.64,170.28 1 0
github.com/goal-web/supports/utils/string.go:170.28,171.17 1 0
github.com/goal-web/supports/utils/string.go:171.17,173.4 1 0
github.com/goal-web/supports/utils/string.go:173.9,175.4 1 0
github.com/goal-web/supports/utils/string.go:177.2,177.8 1 0
github.com/goal-web/supports/utils/string.go:181.64,182.27 1 0
github.com/goal-web/supports/utils/string.go:182.27,184.3 1 0
github.com/goal-web/supports/utils/string.go:185.2,185.8 1 0
github.com/goal-web/supports/utils/string.go:189.63,190.27 1 0
github.com/goal-web/supports/utils/string.go:190.27,192.3 1 0
github.com/goal-web/supports/utils/string.go:193.2,193.8 1 0
github.com/goal-web/supports/utils/ticker.go:6.73,8.12 2 0
github.com/goal-web/supports/utils/ticker.go:8.12,10.7 2 0
github.com/goal-web/supports/utils/ticker.go:10.7,11.11 1 0
github.com/goal-web/supports/utils/ticker.go:12.20,13.15 1 0
github.com/goal-web/supports/utils/ticker.go:14.21,16.11 2 0
github.com/goal-web/supports/utils/ticker.go:20.2,20.18 1 0
github.com/goal-web/supports/logs/apex.go:14.73,15.38 1 0
github.com/goal-web/supports/logs/apex.go:15.38,19.3 1 0
github.com/goal-web/supports/logs/apex.go:21.2,23.13 2 0
github.com/goal-web/supports/logs/apex.go:26.75,27.38 1 0
github.com/goal-web/supports/logs/apex.go:27.38,31.3 1 0
github.com/goal-web/supports/logs/apex.go:33.2,35.13 2 0
github.com/goal-web/supports/logs/apex.go:38.63,39.38 1 0
github.com/goal-web/supports/logs/apex.go:39.38,43.3 1 0
github.com/goal-web/supports/logs/apex.go:45.2,47.13 2 0
github.com/goal-web/supports/logs/apex.go:50.81,51.38 1 0
github.com/goal-web/supports/logs/apex.go:51.38,55.3 1 0
github.com/goal-web/supports/logs/apex.go:57.2,59.13 2 0
github.com/goal-web/supports/logs/apex.go:62.42,64.2 1 1
github.com/goal-web/supports/logs/apex.go:66.42,68.2 1 0
github.com/goal-web/supports/logs/apex.go:70.43,71.11 1 2
github.com/goal-web/supports/logs/apex.go:71.11,73.3 1 1
github.com/goal-web/supports/logs/apex.go:76.43,78.2 1 1
github.com/goal-web/supports/logs/apex.go:80.43,82.2 1 0
github.com/goal-web/supports/logs/logger.go:8.59,10.2 1 0
github.com/goal-web/supports/logs/logger.go:12.44,14.2 1 0
github.com/goal-web/supports/logs/logger.go:16.68,18.2 1 0
github.com/goal-web/supports/logs/logger.go:20.33,22.2 1 1
github.com/goal-web/supports/logs/logger.go:24.42,26.2 1 0
github.com/goal-web/supports/logs/logger.go:28.56,30.2 1 0
github.com/goal-web/supports/signal/service_provider.go:16.65,18.2 1 0
github.com/goal-web/supports/signal/service_provider.go:20.78,22.2 1 0
github.com/goal-web/supports/signal/service_provider.go:24.54,27.43 3 0
github.com/goal-web/supports/signal/service_provider.go:27.43,28.15 1 0
github.com/goal-web/supports/signal/service_provider.go:29.73,30.14 1 0
github.com/goal-web/supports/signal/service_provider.go:30.14,30.37 1 0
github.com/goal-web/supports/signal/service_provider.go:34.2,34.12 1 0
github.com/goal-web/supports/signal/service_provider.go:37.41,39.2 1 1
